#
# There is insufficient memory for the Java Runtime Environment to continue.
# Native memory allocation (mmap) failed to map 134217728 bytes for G1 virtual space
# Possible reasons:
#   The system is out of physical RAM or swap space
#   The process is running with CompressedOops enabled, and the Java Heap may be blocking the growth of the native heap
# Possible solutions:
#   Reduce memory load on the system
#   Increase physical memory or swap space
#   Check if swap backing store is full
#   Decrease Java heap size (-Xmx/-Xms)
#   Decrease number of Java threads
#   Decrease Java thread stack sizes (-Xss)
#   Set larger code cache with -XX:ReservedCodeCacheSize=
#   JVM is running with Unscaled Compressed Oops mode in which the Java heap is
#     placed in the first 4GB address space. The Java Heap base address is the
#     maximum limit for the native heap growth. Please use -XX:HeapBaseMinAddress
#     to set the Java Heap base and to place the Java Heap above 4GB virtual address.
# This output file may be truncated or incomplete.
#
#  Out of Memory Error (os_windows.cpp:3466), pid=2844, tid=1428
#
# JRE version:  (16.0.2+7) (build )
# Java VM: Java HotSpot(TM) 64-Bit Server VM (16.0.2+7-67, mixed mode, sharing, tiered, compressed oops, compressed class ptrs, g1 gc, windows-amd64)
# No core dump will be written. Minidumps are not enabled by default on client versions of Windows
#

---------------  S U M M A R Y ------------

Command Line: -XX:+ShowCodeDetailsInExceptionMessages Server

Host: Intel(R) Core(TM) i7-6500U CPU @ 2.50GHz, 4 cores, 7G,  Windows 10 , 64 bit Build 18362 (10.0.18362.329)
Time: Sat Dec  2 08:36:11 2023 India Standard Time elapsed time: 0.063972 seconds (0d 0h 0m 0s)

---------------  T H R E A D  ---------------

Current thread (0x0000020fb8e6fc00):  JavaThread "Unknown thread" [_thread_in_vm, id=1428, stack(0x00000073d1100000,0x00000073d1200000)]

Stack: [0x00000073d1100000,0x00000073d1200000]
Native frames: (J=compiled Java code, j=interpreted, Vv=VM code, C=native code)
V  [jvm.dll+0x6681ca]
V  [jvm.dll+0x7c9e69]
V  [jvm.dll+0x7cb61e]
V  [jvm.dll+0x7cbc73]
V  [jvm.dll+0x242c55]
V  [jvm.dll+0x664f89]
V  [jvm.dll+0x659b75]
V  [jvm.dll+0x2fbfbb]
V  [jvm.dll+0x3031b6]
V  [jvm.dll+0x35299e]
V  [jvm.dll+0x352bcf]
V  [jvm.dll+0x2d3028]
V  [jvm.dll+0x2d4264]
V  [jvm.dll+0x79c741]
V  [jvm.dll+0x360791]
V  [jvm.dll+0x77a3f0]
V  [jvm.dll+0x3e4e8f]
V  [jvm.dll+0x3e6961]
C  [jli.dll+0x52fb]
C  [ucrtbase.dll+0x20e72]
C  [KERNEL32.DLL+0x17bd4]
C  [ntdll.dll+0x6ced1]


---------------  P R O C E S S  ---------------

Threads class SMR info:
_java_thread_list=0x00007ffe7789cbb8, length=0, elements={
}

Java Threads: ( => current thread )

Other Threads:
  0x0000020fb8eae060 GCTaskThread "GC Thread#0" [stack: 0x00000073d1200000,0x00000073d1300000] [id=3300]
  0x0000020fb8ec01c0 ConcurrentGCThread "G1 Main Marker" [stack: 0x00000073d1300000,0x00000073d1400000] [id=7376]
  0x0000020fb8ec1360 ConcurrentGCThread "G1 Conc#0" [stack: 0x00000073d1400000,0x00000073d1500000] [id=19352]

[error occurred during error reporting (printing all threads), id 0xc0000005, EXCEPTION_ACCESS_VIOLATION (0xc0000005) at pc=0x00007ffe77073ee7]

VM state: not at safepoint (not fully initialized)

VM Mutex/Monitor currently owned by a thread:  ([mutex/lock_event])
[0x0000020fb8e6c750] Heap_lock - owner thread: 0x0000020fb8e6fc00

Heap address: 0x0000000081800000, size: 2024 MB, Compressed Oops mode: 32-bit

CDS archive(s) mapped at: [0x0000000000000000-0x0000000000000000-0x0000000000000000), size 0, SharedBaseAddress: 0x0000000800000000, ArchiveRelocationMode: 0.
Narrow klass base: 0x0000000000000000, Narrow klass shift: 0, Narrow klass range: 0x0

GC Precious Log:
<Empty>

Heap:
 garbage-first heap   total 0K, used 0K [0x0000000081800000, 0x0000000100000000)
  region size 1024K, 0 young (0K), 0 survivors (0K)

[error occurred during error reporting (printing heap information), id 0xc0000005, EXCEPTION_ACCESS_VIOLATION (0xc0000005) at pc=0x00007ffe77451eed]

GC Heap History (0 events):
No events

Deoptimization events (0 events):
No events

Classes unloaded (0 events):
No events

Classes redefined (0 events):
No events

Internal exceptions (0 events):
No events

Events (1 events):
Event: 0.021 Loaded shared library C:\Program Files\Java\jdk-16.0.2\bin\java.dll


Dynamic libraries:
0x00007ff77ed50000 - 0x00007ff77ed60000 	C:\Program Files\Java\jdk-16.0.2\bin\java.exe
0x00007ffee7040000 - 0x00007ffee7230000 	C:\Windows\SYSTEM32\ntdll.dll
0x00007ffee6b10000 - 0x00007ffee6bc2000 	C:\Windows\System32\KERNEL32.DLL
0x00007ffee4a10000 - 0x00007ffee4cb3000 	C:\Windows\System32\KERNELBASE.dll
0x00007ffee4fc0000 - 0x00007ffee50ba000 	C:\Windows\System32\ucrtbase.dll
0x00007ffece630000 - 0x00007ffece649000 	C:\Program Files\Java\jdk-16.0.2\bin\VCRUNTIME140.dll
0x00007ffed1280000 - 0x00007ffed1298000 	C:\Program Files\Java\jdk-16.0.2\bin\jli.dll
0x00007ffee6620000 - 0x00007ffee66c3000 	C:\Windows\System32\ADVAPI32.dll
0x00007ffee6f60000 - 0x00007ffee6ffe000 	C:\Windows\System32\msvcrt.dll
0x00007ffee6030000 - 0x00007ffee60c7000 	C:\Windows\System32\sechost.dll
0x00007ffee6480000 - 0x00007ffee65a0000 	C:\Windows\System32\RPCRT4.dll
0x00007ffee6dc0000 - 0x00007ffee6f54000 	C:\Windows\System32\USER32.dll
0x00007ffee4050000 - 0x00007ffee4071000 	C:\Windows\System32\win32u.dll
0x00007ffecad20000 - 0x00007ffecafa5000 	C:\Windows\WinSxS\amd64_microsoft.windows.common-controls_6595b64144ccf1df_6.0.18362.592_none_e6c0b1911312be02\COMCTL32.dll
0x00007ffee5720000 - 0x00007ffee5746000 	C:\Windows\System32\GDI32.dll
0x00007ffee60d0000 - 0x00007ffee6406000 	C:\Windows\System32\combase.dll
0x00007ffee40a0000 - 0x00007ffee4234000 	C:\Windows\System32\gdi32full.dll
0x00007ffee3fd0000 - 0x00007ffee4050000 	C:\Windows\System32\bcryptPrimitives.dll
0x00007ffee4f20000 - 0x00007ffee4fbe000 	C:\Windows\System32\msvcp_win.dll
0x00007ffedc170000 - 0x00007ffedc17a000 	C:\Windows\SYSTEM32\VERSION.dll
0x00007ffee6a10000 - 0x00007ffee6a3e000 	C:\Windows\System32\IMM32.DLL
0x00007ffedeb70000 - 0x00007ffedeb7c000 	C:\Program Files\Java\jdk-16.0.2\bin\vcruntime140_1.dll
0x00007ffeb7030000 - 0x00007ffeb70c1000 	C:\Program Files\Java\jdk-16.0.2\bin\msvcp140.dll
0x00007ffe76d90000 - 0x00007ffe7793b000 	C:\Program Files\Java\jdk-16.0.2\bin\server\jvm.dll
0x00007ffee58c0000 - 0x00007ffee58c8000 	C:\Windows\System32\PSAPI.DLL
0x00007ffedea70000 - 0x00007ffedea94000 	C:\Windows\SYSTEM32\WINMM.dll
0x00007ffecfd70000 - 0x00007ffecfd79000 	C:\Windows\SYSTEM32\WSOCK32.dll
0x00007ffee6410000 - 0x00007ffee647f000 	C:\Windows\System32\ws2_32.DLL
0x00007ffedea40000 - 0x00007ffedea6d000 	C:\Windows\SYSTEM32\WINMMBASE.dll
0x00007ffee49c0000 - 0x00007ffee4a0a000 	C:\Windows\System32\cfgmgr32.dll
0x00007ffee3f60000 - 0x00007ffee3f71000 	C:\Windows\System32\kernel.appcore.dll
0x00007ffedabe0000 - 0x00007ffedabea000 	C:\Program Files\Java\jdk-16.0.2\bin\jimage.dll
0x00007ffee2900000 - 0x00007ffee2af4000 	C:\Windows\SYSTEM32\DBGHELP.DLL
0x00007ffedb280000 - 0x00007ffedb2aa000 	C:\Windows\SYSTEM32\dbgcore.DLL
0x00007ffecde60000 - 0x00007ffecde85000 	C:\Program Files\Java\jdk-16.0.2\bin\java.dll

dbghelp: loaded successfully - version: 4.0.5 - missing functions: none
symbol engine: initialized successfully - sym options: 0x614 - pdb path: .;C:\Program Files\Java\jdk-16.0.2\bin;C:\Windows\SYSTEM32;C:\Windows\WinSxS\amd64_microsoft.windows.common-controls_6595b64144ccf1df_6.0.18362.592_none_e6c0b1911312be02;C:\Program Files\Java\jdk-16.0.2\bin\server

VM Arguments:
jvm_args: -XX:+ShowCodeDetailsInExceptionMessages 
java_command: Server
java_class_path (initial): E:\Java\Swing\Chat_app\bin
Launcher Type: SUN_STANDARD

[Global flags]
     intx CICompilerCount                          = 3                                         {product} {ergonomic}
     uint ConcGCThreads                            = 1                                         {product} {ergonomic}
     uint G1ConcRefinementThreads                  = 4                                         {product} {ergonomic}
   size_t G1HeapRegionSize                         = 1048576                                   {product} {ergonomic}
    uintx GCDrainStackTargetSize                   = 64                                        {product} {ergonomic}
   size_t InitialHeapSize                          = 134217728                                 {product} {ergonomic}
   size_t MarkStackSize                            = 4194304                                   {product} {ergonomic}
   size_t MaxHeapSize                              = 2122317824                                {product} {ergonomic}
   size_t MinHeapDeltaBytes                        = 1048576                                   {product} {ergonomic}
   size_t MinHeapSize                              = 8388608                                   {product} {ergonomic}
    uintx NonNMethodCodeHeapSize                   = 5832780                                {pd product} {ergonomic}
    uintx NonProfiledCodeHeapSize                  = 122912730                              {pd product} {ergonomic}
    uintx ProfiledCodeHeapSize                     = 122912730                              {pd product} {ergonomic}
    uintx ReservedCodeCacheSize                    = 251658240                              {pd product} {ergonomic}
     bool SegmentedCodeCache                       = true                                      {product} {ergonomic}
     bool ShowCodeDetailsInExceptionMessages       = true                                   {manageable} {command line}
   size_t SoftMaxHeapSize                          = 2122317824                             {manageable} {ergonomic}
     bool UseCompressedClassPointers               = true                           {product lp64_product} {ergonomic}
     bool UseCompressedOops                        = true                           {product lp64_product} {ergonomic}
     bool UseG1GC                                  = true                                      {product} {ergonomic}
     bool UseLargePagesIndividualAllocation        = false                                  {pd product} {ergonomic}

Logging:
Log output configuration:
 #0: stdout all=warning uptime,level,tags
 #1: stderr all=off uptime,level,tags

Environment Variables:
PATH=C:\Program Files\Common Files\Oracle\Java\javapath;C:\Windows\system32;C:\Windows;C:\Windows\System32\Wbem;C:\Windows\System32\WindowsPowerShell\v1.0\;C:\Windows\System32\OpenSSH\;C:\Users\hi\Downloads\apache-maven-3.9.1-bin\apache-maven-3.9.1\bin;C:\Program Files\Apache Software Foundation\Tomcat 10.1_Tomcat10.1\bin\bin;C:\Program Files\nodejs\;C:\mongosh\bin;C:\Program Files\MongoDB\Server\6.0\bin;E:\google-cloud-sdk-446.0.0-windows-x86_64-bundled-python\google-cloud-sdk\bin\;C:\MinGW\bin;C:\Program Files\Java\jdk-16.0.2\bin;C:\Users\hi\AppData\Local\Programs\Python\Python311\Scripts\;C:\Users\hi\AppData\Local\Programs\Python\Python311\;C:\Users\hi\AppData\Local\Microsoft\WindowsApps;C:\Users\hi\AppData\Local\Programs\Microsoft VS Code\bin;C:\Users\hi\AppData\Roaming\npm;C:\Program Files\JetBrains\PyCharm 2023.2\bin;;C:\MinGW\bin;
USERNAME=hi
LANG=en_US.UTF-8
OS=Windows_NT
PROCESSOR_IDENTIFIER=Intel64 Family 6 Model 78 Stepping 3, GenuineIntel



---------------  S Y S T E M  ---------------

OS:
 Windows 10 , 64 bit Build 18362 (10.0.18362.329)
OS uptime: 39 days 23:29 hours

CPU: total 4 (initial active 4) (2 cores per cpu, 2 threads per core) family 6 model 78 stepping 3 microcode 0xd6, cx8, cmov, fxsr, ht, mmx, 3dnowpref, sse, sse2, sse3, ssse3, sse4.1, sse4.2, popcnt, lzcnt, tsc, tscinvbit, avx, avx2, aes, erms, clmul, bmi1, bmi2, adx, fma, vzeroupper, clflush, clflushopt

Memory: 4k page, system-wide physical 8088M (1685M free)
TotalPageFile size 12114M (AvailPageFile size 82M)
current process WorkingSet (physical memory assigned to process): 9M, peak: 9M
current process commit charge ("private bytes"): 51M, peak: 179M

vm_info: Java HotSpot(TM) 64-Bit Server VM (16.0.2+7-67) for windows-amd64 JRE (16.0.2+7-67), built on Jun  8 2021 23:24:19 by "mach5one" with MS VC++ 16.7 (VS2019)

END.
